<?xml version="1.0" encoding="UTF-8"?>
<!-- Generated by org.testng.reporters.JUnitReportReporter -->
<testsuite skipped="0" hostname="DESKTOP-AACNGDD" name="com.Testcases.Testcase1" tests="1" failures="0" timestamp="26 Jun 2020 17:31:03 GMT" time="19.964" errors="0">
  <testcase name="tc1" time="19.964" classname="com.Testcases.Testcase1"/>
</testsuite> <!-- com.Testcases.Testcase1 -->
